1702320427846	geckodriver	INFO	Listening on 127.0.0.1:59083
1702320430907	mozrunner::runner	INFO	Running command: "C:\\Program Files\\Firefox Developer Edition\\firefox.exe" "--marionette" "--remote-debugging-port" "59084" "--remote-allow-hosts" "localhost" "-no-remote" "-profile" "C:\\Users\\migue\\AppData\\Local\\Temp\\rust_mozprofilecK6q79"
console.warn: services.settings: Ignoring preference override of remote settings server
console.warn: services.settings: Allow by setting MOZ_REMOTE_SETTINGS_DEVTOOLS=1 in the environment
1702320431287	Marionette	INFO	Marionette enabled
Dynamically enable window occlusion 0
1702320431399	Marionette	INFO	Listening on port 59092
WebDriver BiDi listening on ws://127.0.0.1:59084
Read port: 59092
1702320431623	RemoteAgent	WARN	TLS certificate errors will be ignored for this session
[fluent] Missing message in locale es-ES: report-broken-site-panel-invalid-url-label
[fluent] Missing message in locale es-ES: report-broken-site-panel-missing-reason-label
DevTools listening on ws://127.0.0.1:59084/devtools/browser/76d2de35-75e2-4654-a6cb-9ca7c1ba40dd
JavaScript error: https://www.marca.com/futbol/primera-division/clasificacion.html?intcmp=MENUMIGA&s_kw=clasificacion, line 2637: ReferenceError: event_youtube_player is not defined
JavaScript error: https://uuee.spxl.socy.es/pixel/js/UUEE_234_934_884/, line 1: TypeError: can't access property "mat_host", $pixel.medio is undefined
JavaScript error: https://www.marca.com/futbol/primera-division/clasificacion.html?intcmp=MENUMIGA&s_kw=clasificacion, line 2141: TypeError: jQuery(...).ueLateralSky is not a function
1702320442063	Marionette	INFO	Stopped listening on port 59092
JavaScript warning: https://securepubads.g.doubleclick.net/pagead/managed/js/gpt/m202312050101/pubads_impl.js, line 10: Script terminated by timeout at:
f@https://securepubads.g.doubleclick.net/pagead/managed/js/gpt/m202312050101/pubads_impl.js:10:129418

Dynamically enable window occlusion 1
JavaScript error: , line 0: TypeError: NetworkError when attempting to fetch resource.
JavaScript error: , line 0: TypeError: NetworkError when attempting to fetch resource.
JavaScript error: , line 0: TypeError: NetworkError when attempting to fetch resource.
1702320497223	geckodriver	INFO	Listening on 127.0.0.1:59266
1702320500266	mozrunner::runner	INFO	Running command: "C:\\Program Files\\Firefox Developer Edition\\firefox.exe" "--marionette" "--remote-debugging-port" "59267" "--remote-allow-hosts" "localhost" "-no-remote" "-profile" "C:\\Users\\migue\\AppData\\Local\\Temp\\rust_mozprofilejBXpwz"
console.warn: services.settings: Ignoring preference override of remote settings server
console.warn: services.settings: Allow by setting MOZ_REMOTE_SETTINGS_DEVTOOLS=1 in the environment
1702320500587	Marionette	INFO	Marionette enabled
Dynamically enable window occlusion 0
1702320500704	Marionette	INFO	Listening on port 59276
Read port: 59276
WebDriver BiDi listening on ws://127.0.0.1:59267
1702320500792	RemoteAgent	WARN	TLS certificate errors will be ignored for this session
[fluent] Missing message in locale es-ES: report-broken-site-panel-invalid-url-label
[fluent] Missing message in locale es-ES: report-broken-site-panel-missing-reason-label
DevTools listening on ws://127.0.0.1:59267/devtools/browser/c8c5296d-2441-45a7-a99a-98d4ed48a8ce
JavaScript error: https://www.marca.com/futbol/primera-division/clasificacion.html?intcmp=MENUMIGA&s_kw=clasificacion, line 2637: ReferenceError: event_youtube_player is not defined
JavaScript error: https://www.marca.com/futbol/primera-division/clasificacion.html?intcmp=MENUMIGA&s_kw=clasificacion, line 2141: TypeError: jQuery(...).ueLateralSky is not a function
1702320504859	Marionette	INFO	Stopped listening on port 59276
JavaScript warning: https://tags.tiqcdn.com/utag/unidadeditorial/marca/prod/utag.js, line 549: Script terminated by timeout at:
utag.loader.GET/utag.handler.extend</taboola_interval<@https://tags.tiqcdn.com/utag/unidadeditorial/marca/prod/utag.js:549:506

Dynamically enable window occlusion 1
